<?xml version="1.0" encoding="UTF-8"?>
<!-- Generated by org.testng.reporters.JUnitReportReporter -->
<testsuite hostname="MokshaDIST-PC" name="exampleDemo.New1Test" tests="2" failures="0" timestamp="16 Mar 2017 09:44:35 GMT" time="9.257" errors="0">
  <testcase name="testEasy" time="3.806" classname="exampleDemo.New1Test"/>
  <testcase name="test1Easy" time="5.451" classname="exampleDemo.New1Test"/>
</testsuite> <!-- exampleDemo.New1Test -->
